#
# A fatal error has been detected by the Java Runtime Environment:
#
#  SIGSEGV (0xb) at pc=0x8cccaac2, pid=25718, tid=3062377280
#
# JRE version: Java(TM) SE Runtime Environment (7.0_45-b18) (build 1.7.0_45-b18)
# Java VM: Java HotSpot(TM) Server VM (24.45-b08 mixed mode linux-x86 )
# Problematic frame:
# C  [libopenal.so+0x1bac2]  alcCreateContext+0xd2
#
# Failed to write core dump. Core dumps have been disabled. To enable core dumping, try "ulimit -c unlimited" before starting Java again
#
# If you would like to submit a bug report, please visit:
#   http://bugreport.sun.com/bugreport/crash.jsp
# The crash happened outside the Java Virtual Machine in native code.
# See problematic frame for where to report the bug.
#

---------------  T H R E A D  ---------------

Current thread (0xb6507800):  JavaThread "main" [_thread_in_native, id=25732, stack(0xb6682000,0xb6883000)]

siginfo:si_signo=SIGSEGV: si_errno=0, si_code=2 (SEGV_ACCERR), si_addr=0x8caf8004

Registers:
EAX=0x8caf8004, EBX=0x8ccfeff4, ECX=0x000000ff, EDX=0x00000001
ESP=0xb6881200, EBP=0x8caf7ffc, ESI=0x8be00030, EDI=0x00000001
EIP=0x8cccaac2, EFLAGS=0x00010293, CR2=0x8caf8004

Top of Stack: (sp=0xb6881200)
0xb6881200:   00000000 b6507f60 b6507f60 b6507f50
0xb6881210:   b6507f50 fffffffe 00000000 00000000
0xb6881220:   00000000 b70f18e8 8fbc8a50 00000004
0xb6881230:   00000000 a9d98550 00014cd7 00000000
0xb6881240:   0000000d b6507f40 00000000 911a6478
0xb6881250:   b6b2489e 000000ff b6fc8a96 b688126c
0xb6881260:   b7189574 b68815a0 b6505cd8 b68812ac
0xb6881270:   b6d4033e b6881298 00000004 0000ac44 

Instructions: (pc=0x8cccaac2)
0x8cccaaa2:   8d b6 00 00 00 00 8b 55 00 81 fa 11 10 00 00 74
0x8cccaab2:   3b 81 fa 03 00 02 00 75 07 8b 50 fc 89 54 24 78
0x8cccaac2:   8b 10 89 c5 83 c0 08 85 d2 74 3a 81 fa 07 10 00
0x8cccaad2:   00 75 d3 8b 50 fc 89 54 24 7c 83 8e cc 00 00 00 

Register to memory mapping:

EAX=0x8caf8004 is an unknown value
EBX=0x8ccfeff4: <offset 0x4fff4> in /tmp/libgdxkabbotta/417985b7/libopenal.so at 0x8ccaf000
ECX=0x000000ff is an unknown value
EDX=0x00000001 is an unknown value
ESP=0xb6881200 is pointing into the stack for thread: 0xb6507800
EBP=0x8caf7ffc is an unknown value
ESI=0x8be00030 is an unknown value
EDI=0x00000001 is an unknown value


Stack: [0xb6682000,0xb6883000],  sp=0xb6881200,  free space=2044k
Native frames: (J=compiled Java code, j=interpreted, Vv=VM code, C=native code)
C  [libopenal.so+0x1bac2]  alcCreateContext+0xd2

Java frames: (J=compiled Java code, j=interpreted, Vv=VM code)
j  org.lwjgl.openal.ALC10.nalcCreateContext(JJ)J+0
j  org.lwjgl.openal.ALC10.alcCreateContext(Lorg/lwjgl/openal/ALCdevice;Ljava/nio/IntBuffer;)Lorg/lwjgl/openal/ALCcontext;+8
j  org.lwjgl.openal.AL.init(Ljava/lang/String;IIZZ)V+69
j  org.lwjgl.openal.AL.create(Ljava/lang/String;IIZZ)V+227
j  org.lwjgl.openal.AL.create(Ljava/lang/String;IIZ)V+5
j  org.lwjgl.openal.AL.create()V+6
j  com.badlogic.gdx.backends.lwjgl.audio.OpenALAudio.<init>(III)V+121
j  com.badlogic.gdx.backends.lwjgl.LwjglApplication.<init>(Lcom/badlogic/gdx/ApplicationListener;Lcom/badlogic/gdx/backends/lwjgl/LwjglApplicationConfiguration;Lcom/badlogic/gdx/backends/lwjgl/LwjglGraphics;)V+107
j  com.badlogic.gdx.backends.lwjgl.LwjglApplication.<init>(Lcom/badlogic/gdx/ApplicationListener;Lcom/badlogic/gdx/backends/lwjgl/LwjglApplicationConfiguration;)V+11
v  ~StubRoutines::call_stub
j  sun.reflect.NativeConstructorAccessorImpl.newInstance0(Ljava/lang/reflect/Constructor;[Ljava/lang/Object;)Ljava/lang/Object;+0
j  sun.reflect.NativeConstructorAccessorImpl.newInstance([Ljava/lang/Object;)Ljava/lang/Object;+72
j  sun.reflect.DelegatingConstructorAccessorImpl.newInstance([Ljava/lang/Object;)Ljava/lang/Object;+5
j  java.lang.reflect.Constructor.newInstance([Ljava/lang/Object;)Ljava/lang/Object;+79
j  org.jruby.javasupport.JavaConstructor.newInstanceDirect(Ljava/lang/Object;Ljava/lang/Object;)Ljava/lang/Object;+21
j  org.jruby.java.invokers.ConstructorInvoker.call(Lorg/jruby/runtime/ThreadContext;Lorg/jruby/runtime/builtin/IRubyObject;Lorg/jruby/RubyModule;Ljava/lang/String;Lorg/jruby/runtime/builtin/IRubyObject;Lorg/jruby/runtime/builtin/IRubyObject;)Lorg/jruby/runtime/builtin/IRubyObject;+81
j  org.jruby.java.invokers.ConstructorInvoker.call(Lorg/jruby/runtime/ThreadContext;Lorg/jruby/runtime/builtin/IRubyObject;Lorg/jruby/RubyModule;Ljava/lang/String;Lorg/jruby/runtime/builtin/IRubyObject;Lorg/jruby/runtime/builtin/IRubyObject;Lorg/jruby/runtime/Block;)Lorg/jruby/runtime/builtin/IRubyObject;+106
j  org.jruby.runtime.callsite.CachingCallSite.cacheAndCall(Lorg/jruby/runtime/builtin/IRubyObject;Lorg/jruby/RubyClass;Lorg/jruby/runtime/Block;Lorg/jruby/runtime/ThreadContext;Lorg/jruby/runtime/builtin/IRubyObject;Lorg/jruby/runtime/builtin/IRubyObject;Lorg/jruby/runtime/builtin/IRubyObject;)Lorg/jruby/runtime/builtin/IRubyObject;+65
j  org.jruby.runtime.callsite.CachingCallSite.callBlock(Lorg/jruby/runtime/ThreadContext;Lorg/jruby/runtime/builtin/IRubyObject;Lorg/jruby/runtime/builtin/IRubyObject;Lorg/jruby/runtime/builtin/IRubyObject;Lorg/jruby/runtime/builtin/IRubyObject;Lorg/jruby/runtime/Block;)Lorg/jruby/runtime/builtin/IRubyObject;+58
j  org.jruby.runtime.callsite.CachingCallSite.call(Lorg/jruby/runtime/ThreadContext;Lorg/jruby/runtime/builtin/IRubyObject;Lorg/jruby/runtime/builtin/IRubyObject;Lorg/jruby/runtime/builtin/IRubyObject;Lorg/jruby/runtime/builtin/IRubyObject;Lorg/jruby/runtime/Block;)Lorg/jruby/runtime/builtin/IRubyObject;+10
j  org.jruby.java.proxies.ConcreteJavaProxy$2.call(Lorg/jruby/runtime/ThreadContext;Lorg/jruby/runtime/builtin/IRubyObject;Lorg/jruby/RubyModule;Ljava/lang/String;Lorg/jruby/runtime/builtin/IRubyObject;Lorg/jruby/runtime/builtin/IRubyObject;Lorg/jruby/runtime/Block;)Lorg/jruby/runtime/builtin/IRubyObject;+13
j  org.jruby.runtime.callsite.CachingCallSite.cacheAndCall(Lorg/jruby/runtime/builtin/IRubyObject;Lorg/jruby/RubyClass;Lorg/jruby/runtime/Block;Lorg/jruby/runtime/ThreadContext;Lorg/jruby/runtime/builtin/IRubyObject;Lorg/jruby/runtime/builtin/IRubyObject;Lorg/jruby/runtime/builtin/IRubyObject;)Lorg/jruby/runtime/builtin/IRubyObject;+65
j  org.jruby.runtime.callsite.CachingCallSite.callBlock(Lorg/jruby/runtime/ThreadContext;Lorg/jruby/runtime/builtin/IRubyObject;Lorg/jruby/runtime/builtin/IRubyObject;Lorg/jruby/runtime/builtin/IRubyObject;Lorg/jruby/runtime/builtin/IRubyObject;Lorg/jruby/runtime/Block;)Lorg/jruby/runtime/builtin/IRubyObject;+58
j  org.jruby.runtime.callsite.CachingCallSite.call(Lorg/jruby/runtime/ThreadContext;Lorg/jruby/runtime/builtin/IRubyObject;Lorg/jruby/runtime/builtin/IRubyObject;Lorg/jruby/runtime/builtin/IRubyObject;Lorg/jruby/runtime/builtin/IRubyObject;Lorg/jruby/runtime/Block;)Lorg/jruby/runtime/builtin/IRubyObject;+10
j  org.jruby.RubyClass.newInstance(Lorg/jruby/runtime/ThreadContext;Lorg/jruby/runtime/builtin/IRubyObject;Lorg/jruby/runtime/builtin/IRubyObject;Lorg/jruby/runtime/Block;)Lorg/jruby/runtime/builtin/IRubyObject;+21
j  org.jruby.RubyClass$INVOKER$i$newInstance.call(Lorg/jruby/runtime/ThreadContext;Lorg/jruby/runtime/builtin/IRubyObject;Lorg/jruby/RubyModule;Ljava/lang/String;Lorg/jruby/runtime/builtin/IRubyObject;Lorg/jruby/runtime/builtin/IRubyObject;Lorg/jruby/runtime/Block;)Lorg/jruby/runtime/builtin/IRubyObject;+11
j  org.jruby.internal.runtime.methods.JavaMethod$JavaMethodZeroOrOneOrTwoOrNBlock.call(Lorg/jruby/runtime/ThreadContext;Lorg/jruby/runtime/builtin/IRubyObject;Lorg/jruby/RubyModule;Ljava/lang/String;Lorg/jruby/runtime/builtin/IRubyObject;Lorg/jruby/runtime/builtin/IRubyObject;)Lorg/jruby/runtime/builtin/IRubyObject;+13
j  org.jruby.java.proxies.ConcreteJavaProxy$3.call(Lorg/jruby/runtime/ThreadContext;Lorg/jruby/runtime/builtin/IRubyObject;Lorg/jruby/RubyModule;Ljava/lang/String;Lorg/jruby/runtime/builtin/IRubyObject;Lorg/jruby/runtime/builtin/IRubyObject;)Lorg/jruby/runtime/builtin/IRubyObject;+13
j  org.jruby.runtime.callsite.CachingCallSite.cacheAndCall(Lorg/jruby/runtime/builtin/IRubyObject;Lorg/jruby/RubyClass;Lorg/jruby/runtime/ThreadContext;Lorg/jruby/runtime/builtin/IRubyObject;Lorg/jruby/runtime/builtin/IRubyObject;Lorg/jruby/runtime/builtin/IRubyObject;)Lorg/jruby/runtime/builtin/IRubyObject;+61
j  org.jruby.runtime.callsite.CachingCallSite.call(Lorg/jruby/runtime/ThreadContext;Lorg/jruby/runtime/builtin/IRubyObject;Lorg/jruby/runtime/builtin/IRubyObject;Lorg/jruby/runtime/builtin/IRubyObject;Lorg/jruby/runtime/builtin/IRubyObject;)Lorg/jruby/runtime/builtin/IRubyObject;+54
j  last_ditch.__file__(Llast_ditch;Lorg/jruby/runtime/ThreadContext;Lorg/jruby/runtime/builtin/IRubyObject;[Lorg/jruby/runtime/builtin/IRubyObject;Lorg/jruby/runtime/Block;)Lorg/jruby/runtime/builtin/IRubyObject;+269
j  last_ditch.load(Lorg/jruby/runtime/ThreadContext;Lorg/jruby/runtime/builtin/IRubyObject;Z)Lorg/jruby/runtime/builtin/IRubyObject;+22
j  org.jruby.Ruby.runScript(Lorg/jruby/ast/executable/Script;Z)Lorg/jruby/runtime/builtin/IRubyObject;+12
j  org.jruby.Ruby.runScript(Lorg/jruby/ast/executable/Script;)Lorg/jruby/runtime/builtin/IRubyObject;+3
j  org.jruby.Ruby.runNormally(Lorg/jruby/ast/Node;)Lorg/jruby/runtime/builtin/IRubyObject;+73
j  org.jruby.Ruby.runFromMain(Ljava/io/InputStream;Ljava/lang/String;)V+320
j  org.jruby.Main.doRunFromMain(Lorg/jruby/Ruby;Ljava/io/InputStream;Ljava/lang/String;)Lorg/jruby/Main$Status;+12
j  org.jruby.Main.internalRun()Lorg/jruby/Main$Status;+234
j  org.jruby.Main.run([Ljava/lang/String;)Lorg/jruby/Main$Status;+9
j  org.jruby.Main.main([Ljava/lang/String;)V+35
v  ~StubRoutines::call_stub

---------------  P R O C E S S  ---------------

Java Threads: ( => current thread )
  0x8cad9800 JavaThread "AWT-XAWT" daemon [_thread_in_native, id=25769, stack(0x8bfc5000,0x8c1c6000)]
  0x8ca86000 JavaThread "Java2D Disposer" daemon [_thread_blocked, id=25768, stack(0x8c1c6000,0x8c3c7000)]
  0x8cfb9000 JavaThread "Ruby-0-JIT-2" daemon [_thread_blocked, id=25763, stack(0x8c4fe000,0x8c6ff000)]
  0x8cf5bc00 JavaThread "Ruby-0-JIT-1" daemon [_thread_blocked, id=25759, stack(0x8c6ff000,0x8c900000)]
  0x8e329800 JavaThread "Service Thread" daemon [_thread_blocked, id=25741, stack(0x8d7fa000,0x8d9fb000)]
  0x8e327c00 JavaThread "C2 CompilerThread1" daemon [_thread_blocked, id=25740, stack(0x8d9fb000,0x8da7c000)]
  0x8e325c00 JavaThread "C2 CompilerThread0" daemon [_thread_in_native, id=25739, stack(0x8da7c000,0x8dafd000)]
  0x8e324000 JavaThread "Signal Dispatcher" daemon [_thread_blocked, id=25738, stack(0x8dafd000,0x8dcfe000)]
  0x8e314400 JavaThread "Finalizer" daemon [_thread_blocked, id=25737, stack(0x8defe000,0x8e0ff000)]
  0x8e311c00 JavaThread "Reference Handler" daemon [_thread_blocked, id=25736, stack(0x8e0ff000,0x8e300000)]
=>0xb6507800 JavaThread "main" [_thread_in_native, id=25732, stack(0xb6682000,0xb6883000)]

Other Threads:
  0x8e310400 VMThread [stack: 0x8fb24000,0x8fba5000] [id=25735]
  0x8e32b800 WatcherThread [stack: 0x8d779000,0x8d7fa000] [id=25742]

VM state:not at safepoint (normal execution)

VM Mutex/Monitor currently owned by a thread: None

Heap
 PSYoungGen      total 16640K, used 9687K [0xa8d80000, 0xaae00000, 0xb3440000)
  eden space 15360K, 54% used [0xa8d80000,0xa95b7dd8,0xa9c80000)
  from space 1280K, 99% used [0xa9c80000,0xa9dbe020,0xa9dc0000)
  to   space 1280K, 0% used [0xaacc0000,0xaacc0000,0xaae00000)
 ParOldGen       total 20224K, used 8107K [0x94040000, 0x95400000, 0xa8d80000)
  object space 20224K, 40% used [0x94040000,0x9482ac00,0x95400000)
 PSPermGen       total 17920K, used 17829K [0x90040000, 0x911c0000, 0x94040000)
  object space 17920K, 99% used [0x90040000,0x911a9508,0x911c0000)

Card table byte_map: [0x8ff25000,0x90040000] byte_map_base: 0x8faa4e00

Polling page: 0xb77c4000

Code Cache  [0xb3500000, 0xb3740000, 0xb6500000)
 total_blobs=587 nmethods=267 adapters=274 free_code_cache=48045Kb largest_free_block=49174272

Compilation events (10 events):
Event: 5.457 Thread 0x8e325c00  274             org.jruby.util.ByteList::getRealSize (5 bytes)
Event: 5.457 Thread 0x8e325c00 nmethod 274 0xb3612948 code [0xb3612a20, 0xb3612a70]
Event: 5.457 Thread 0x8e325c00  275             org.jruby.RubyArray::compare (140 bytes)
Event: 5.482 Thread 0x8e325c00 nmethod 275 0xb3611008 code [0xb3611140, 0xb3611404]
Event: 5.482 Thread 0x8e325c00  276             org.jruby.org.objectweb.asm.ClassWriter::a (49 bytes)
Event: 5.489 Thread 0x8e325c00 nmethod 276 0xb3610908 code [0xb3610a00, 0xb3610afc]
Event: 5.489 Thread 0x8e325c00  277             org.jruby.lexer.yacc.RubyYaccLexer::identifier (751 bytes)
Event: 5.590 Thread 0x8e327c00 nmethod 261 0xb35755c8 code [0xb3575aa0, 0xb3578058]
Event: 5.590 Thread 0x8e327c00  278             java.util.concurrent.atomic.AtomicLong::get (5 bytes)
Event: 5.591 Thread 0x8e327c00 nmethod 278 0xb3575448 code [0xb3575520, 0xb3575570]

GC Heap History (6 events):
Event: 1.488 GC heap before
{Heap before GC invocations=1 (full 0):
 PSYoungGen      total 8960K, used 7680K [0xa8d80000, 0xa9780000, 0xb3440000)
  eden space 7680K, 100% used [0xa8d80000,0xa9500000,0xa9500000)
  from space 1280K, 0% used [0xa9640000,0xa9640000,0xa9780000)
  to   space 1280K, 0% used [0xa9500000,0xa9500000,0xa9640000)
 ParOldGen       total 20224K, used 0K [0x94040000, 0x95400000, 0xa8d80000)
  object space 20224K, 0% used [0x94040000,0x94040000,0x95400000)
 PSPermGen       total 16384K, used 11705K [0x90040000, 0x91040000, 0x94040000)
  object space 16384K, 71% used [0x90040000,0x90bae508,0x91040000)
Event: 1.505 GC heap after
Heap after GC invocations=1 (full 0):
 PSYoungGen      total 8960K, used 1272K [0xa8d80000, 0xa9f00000, 0xb3440000)
  eden space 7680K, 0% used [0xa8d80000,0xa8d80000,0xa9500000)
  from space 1280K, 99% used [0xa9500000,0xa963e060,0xa9640000)
  to   space 1280K, 0% used [0xa9dc0000,0xa9dc0000,0xa9f00000)
 ParOldGen       total 20224K, used 1723K [0x94040000, 0x95400000, 0xa8d80000)
  object space 20224K, 8% used [0x94040000,0x941eef28,0x95400000)
 PSPermGen       total 16384K, used 11705K [0x90040000, 0x91040000, 0x94040000)
  object space 16384K, 71% used [0x90040000,0x90bae508,0x91040000)
}
Event: 2.587 GC heap before
{Heap before GC invocations=2 (full 0):
 PSYoungGen      total 8960K, used 8952K [0xa8d80000, 0xa9f00000, 0xb3440000)
  eden space 7680K, 100% used [0xa8d80000,0xa9500000,0xa9500000)
  from space 1280K, 99% used [0xa9500000,0xa963e060,0xa9640000)
  to   space 1280K, 0% used [0xa9dc0000,0xa9dc0000,0xa9f00000)
 ParOldGen       total 20224K, used 1723K [0x94040000, 0x95400000, 0xa8d80000)
  object space 20224K, 8% used [0x94040000,0x941eef28,0x95400000)
 PSPermGen       total 16384K, used 12421K [0x90040000, 0x91040000, 0x94040000)
  object space 16384K, 75% used [0x90040000,0x90c61468,0x91040000)
Event: 2.622 GC heap after
Heap after GC invocations=2 (full 0):
 PSYoungGen      total 16640K, used 1264K [0xa8d80000, 0xa9f00000, 0xb3440000)
  eden space 15360K, 0% used [0xa8d80000,0xa8d80000,0xa9c80000)
  from space 1280K, 98% used [0xa9dc0000,0xa9efc020,0xa9f00000)
  to   space 1280K, 0% used [0xa9c80000,0xa9c80000,0xa9dc0000)
 ParOldGen       total 20224K, used 4448K [0x94040000, 0x95400000, 0xa8d80000)
  object space 20224K, 21% used [0x94040000,0x94498300,0x95400000)
 PSPermGen       total 16384K, used 12421K [0x90040000, 0x91040000, 0x94040000)
  object space 16384K, 75% used [0x90040000,0x90c61468,0x91040000)
}
Event: 4.849 GC heap before
{Heap before GC invocations=3 (full 0):
 PSYoungGen      total 16640K, used 16624K [0xa8d80000, 0xa9f00000, 0xb3440000)
  eden space 15360K, 100% used [0xa8d80000,0xa9c80000,0xa9c80000)
  from space 1280K, 98% used [0xa9dc0000,0xa9efc020,0xa9f00000)
  to   space 1280K, 0% used [0xa9c80000,0xa9c80000,0xa9dc0000)
 ParOldGen       total 20224K, used 4448K [0x94040000, 0x95400000, 0xa8d80000)
  object space 20224K, 21% used [0x94040000,0x94498300,0x95400000)
 PSPermGen       total 16384K, used 16182K [0x90040000, 0x91040000, 0x94040000)
  object space 16384K, 98% used [0x90040000,0x9100d818,0x91040000)
Event: 4.900 GC heap after
Heap after GC invocations=3 (full 0):
 PSYoungGen      total 16640K, used 1272K [0xa8d80000, 0xaae00000, 0xb3440000)
  eden space 15360K, 0% used [0xa8d80000,0xa8d80000,0xa9c80000)
  from space 1280K, 99% used [0xa9c80000,0xa9dbe020,0xa9dc0000)
  to   space 1280K, 0% used [0xaacc0000,0xaacc0000,0xaae00000)
 ParOldGen       total 20224K, used 8107K [0x94040000, 0x95400000, 0xa8d80000)
  object space 20224K, 40% used [0x94040000,0x9482ac00,0x95400000)
 PSPermGen       total 16384K, used 16182K [0x90040000, 0x91040000, 0x94040000)
  object space 16384K, 98% used [0x90040000,0x9100d818,0x91040000)
}

Deoptimization events (10 events):
Event: 3.317 Thread 0xb6507800 Uncommon trap: reason=class_check action=maybe_recompile pc=0xb3563880 method=java.util.HashMap.put(Ljava/lang/Object;Ljava/lang/Object;)Ljava/lang/Object; @ 83
Event: 3.317 Thread 0xb6507800 Uncommon trap: reason=class_check action=maybe_recompile pc=0xb3563880 method=java.util.HashMap.put(Ljava/lang/Object;Ljava/lang/Object;)Ljava/lang/Object; @ 83
Event: 3.827 Thread 0xb6507800 Uncommon trap: reason=null_assert action=make_not_entrant pc=0xb35b502c method=org.joni.Analyser.optimizeNodeLeft(Lorg/joni/ast/Node;Lorg/joni/NodeOptInfo;Lorg/joni/OptEnvironment;)V @ 469
Event: 3.847 Thread 0xb6507800 Uncommon trap: reason=class_check action=maybe_recompile pc=0xb35576c8 method=java.util.concurrent.ConcurrentHashMap$Segment.put(Ljava/lang/Object;ILjava/lang/Object;Z)Ljava/lang/Object; @ 77
Event: 3.988 Thread 0xb6507800 Uncommon trap: reason=class_check action=maybe_recompile pc=0xb35de124 method=org.jruby.compiler.ASTInspector.inspect(Lorg/jruby/ast/Node;)V @ 1248
Event: 4.024 Thread 0xb6507800 Uncommon trap: reason=class_check action=maybe_recompile pc=0xb3550ce8 method=java.util.Arrays.fill([Ljava/lang/Object;Ljava/lang/Object;)V @ 13
Event: 4.024 Thread 0xb6507800 Uncommon trap: reason=class_check action=maybe_recompile pc=0xb3550ce8 method=java.util.Arrays.fill([Ljava/lang/Object;Ljava/lang/Object;)V @ 13
Event: 5.134 Thread 0xb6507800 Uncommon trap: reason=unreached action=reinterpret pc=0xb35d5640 method=java.util.concurrent.locks.AbstractQueuedSynchronizer.release(I)Z @ 14
Event: 5.170 Thread 0x8cf5bc00 Uncommon trap: reason=class_check action=maybe_recompile pc=0xb3550ce8 method=java.util.Arrays.fill([Ljava/lang/Object;Ljava/lang/Object;)V @ 13
Event: 5.287 Thread 0x8cfb9000 Uncommon trap: reason=class_check action=maybe_recompile pc=0xb3550ce8 method=java.util.Arrays.fill([Ljava/lang/Object;Ljava/lang/Object;)V @ 13

Internal exceptions (10 events):
Event: 5.582 Thread 0xb6507800 Threw 0xa95a5c48 at /HUDSON/workspace/7u-2-build-linux-i586/jdk7u45/229/hotspot/src/share/vm/prims/jvm.cpp:1244
Event: 5.582 Thread 0xb6507800 Threw 0xa95a6e48 at /HUDSON/workspace/7u-2-build-linux-i586/jdk7u45/229/hotspot/src/share/vm/prims/jvm.cpp:1244
Event: 5.607 Thread 0xb6507800 Threw 0xa95a9d08 at /HUDSON/workspace/7u-2-build-linux-i586/jdk7u45/229/hotspot/src/share/vm/prims/jvm.cpp:1244
Event: 5.607 Thread 0xb6507800 Threw 0xa95aac20 at /HUDSON/workspace/7u-2-build-linux-i586/jdk7u45/229/hotspot/src/share/vm/prims/jvm.cpp:1244
Event: 5.608 Thread 0xb6507800 Threw 0xa95ad980 at /HUDSON/workspace/7u-2-build-linux-i586/jdk7u45/229/hotspot/src/share/vm/prims/jvm.cpp:1244
Event: 5.608 Thread 0xb6507800 Threw 0xa95ae8a0 at /HUDSON/workspace/7u-2-build-linux-i586/jdk7u45/229/hotspot/src/share/vm/prims/jvm.cpp:1244
Event: 5.609 Thread 0xb6507800 Threw 0xa95b0ff0 at /HUDSON/workspace/7u-2-build-linux-i586/jdk7u45/229/hotspot/src/share/vm/prims/jvm.cpp:1244
Event: 5.609 Thread 0xb6507800 Threw 0xa95b1e90 at /HUDSON/workspace/7u-2-build-linux-i586/jdk7u45/229/hotspot/src/share/vm/prims/jvm.cpp:1244
Event: 5.609 Thread 0xb6507800 Threw 0xa95b48d8 at /HUDSON/workspace/7u-2-build-linux-i586/jdk7u45/229/hotspot/src/share/vm/prims/jvm.cpp:1244
Event: 5.610 Thread 0xb6507800 Threw 0xa95b5860 at /HUDSON/workspace/7u-2-build-linux-i586/jdk7u45/229/hotspot/src/share/vm/prims/jvm.cpp:1244

Events (10 events):
Event: 5.582 loading class 0x8caef710
Event: 5.582 loading class 0x8caef710 done
Event: 5.607 loading class 0x8caf0028
Event: 5.607 loading class 0x8caf0028 done
Event: 5.608 loading class 0x8ca30cc0
Event: 5.608 loading class 0x8ca30cc0 done
Event: 5.609 loading class 0x8caf0058
Event: 5.609 loading class 0x8caf0058 done
Event: 5.609 loading class 0x8caf7fc0
Event: 5.609 loading class 0x8caf7fc0 done


Dynamic libraries:
08048000-08049000 r-xp 00000000 08:01 9175741    /usr/lib/jvm/java-7-oracle/bin/java
08049000-0804a000 rw-p 00000000 08:01 9175741    /usr/lib/jvm/java-7-oracle/bin/java
09eed000-0a5dd000 rw-p 00000000 00:00 0          [heap]
873c7000-8b3c8000 rw-s 00000000 00:13 86729      /run/shm/pulse-shm-1351618999
8b3c8000-8b3c9000 ---p 00000000 00:00 0 
8b3c9000-8bbc9000 rw-p 00000000 00:00 0          [stack:25771]
8bbc9000-8bbdc000 r-xp 00000000 08:01 3805072    /lib/i386-linux-gnu/libresolv-2.17.so
8bbdc000-8bbdd000 r--p 00013000 08:01 3805072    /lib/i386-linux-gnu/libresolv-2.17.so
8bbdd000-8bbde000 rw-p 00014000 08:01 3805072    /lib/i386-linux-gnu/libresolv-2.17.so
8bbde000-8bbe0000 rw-p 00000000 00:00 0 
8bbe0000-8bbe6000 r-xp 00000000 08:01 9050805    /usr/lib/i386-linux-gnu/libogg.so.0.8.0
8bbe6000-8bbe7000 r--p 00005000 08:01 9050805    /usr/lib/i386-linux-gnu/libogg.so.0.8.0
8bbe7000-8bbe8000 rw-p 00006000 08:01 9050805    /usr/lib/i386-linux-gnu/libogg.so.0.8.0
8bbe8000-8bc11000 r-xp 00000000 08:01 9051060    /usr/lib/i386-linux-gnu/libvorbis.so.0.4.5
8bc11000-8bc12000 ---p 00029000 08:01 9051060    /usr/lib/i386-linux-gnu/libvorbis.so.0.4.5
8bc12000-8bc13000 r--p 00029000 08:01 9051060    /usr/lib/i386-linux-gnu/libvorbis.so.0.4.5
8bc13000-8bc14000 rw-p 0002a000 08:01 9051060    /usr/lib/i386-linux-gnu/libvorbis.so.0.4.5
8bc14000-8bd7a000 r-xp 00000000 08:01 9051062    /usr/lib/i386-linux-gnu/libvorbisenc.so.2.0.8
8bd7a000-8bd8b000 r--p 00165000 08:01 9051062    /usr/lib/i386-linux-gnu/libvorbisenc.so.2.0.8
8bd8b000-8bd8c000 rw-p 00176000 08:01 9051062    /usr/lib/i386-linux-gnu/libvorbisenc.so.2.0.8
8bd8c000-8bdf9000 r-xp 00000000 08:01 9050951    /usr/lib/i386-linux-gnu/libsndfile.so.1.0.25
8bdf9000-8bdfb000 r--p 0006c000 08:01 9050951    /usr/lib/i386-linux-gnu/libsndfile.so.1.0.25
8bdfb000-8bdfc000 rw-p 0006e000 08:01 9050951    /usr/lib/i386-linux-gnu/libsndfile.so.1.0.25
8bdfc000-8be00000 rw-p 00000000 00:00 0 
8be00000-8be41000 rw-p 00000000 00:00 0 
8be41000-8bf00000 ---p 00000000 00:00 0 
8bf03000-8bf51000 r-xp 00000000 08:01 9049967    /usr/lib/i386-linux-gnu/libFLAC.so.8.2.0
8bf51000-8bf52000 r--p 0004e000 08:01 9049967    /usr/lib/i386-linux-gnu/libFLAC.so.8.2.0
8bf52000-8bf53000 rw-p 0004f000 08:01 9049967    /usr/lib/i386-linux-gnu/libFLAC.so.8.2.0
8bf53000-8bf58000 r-xp 00000000 08:01 9050155    /usr/lib/i386-linux-gnu/libasyncns.so.0.3.1
8bf58000-8bf59000 r--p 00004000 08:01 9050155    /usr/lib/i386-linux-gnu/libasyncns.so.0.3.1
8bf59000-8bf5a000 rw-p 00005000 08:01 9050155    /usr/lib/i386-linux-gnu/libasyncns.so.0.3.1
8bf5a000-8bfc3000 r-xp 00000000 08:01 9178084    /usr/lib/i386-linux-gnu/pulseaudio/libpulsecommon-3.0.so
8bfc3000-8bfc4000 r--p 00068000 08:01 9178084    /usr/lib/i386-linux-gnu/pulseaudio/libpulsecommon-3.0.so
8bfc4000-8bfc5000 rw-p 00069000 08:01 9178084    /usr/lib/i386-linux-gnu/pulseaudio/libpulsecommon-3.0.so
8bfc5000-8bfc8000 ---p 00000000 00:00 0 
8bfc8000-8c1c6000 rw-p 00000000 00:00 0          [stack:25769]
8c1c6000-8c1c9000 ---p 00000000 00:00 0 
8c1c9000-8c3c7000 rw-p 00000000 00:00 0          [stack:25768]
8c3c7000-8c4fa000 r-xp 00000000 08:01 9048817    /usr/lib/i386-linux-gnu/libX11.so.6.3.0
8c4fa000-8c4fb000 r--p 00132000 08:01 9048817    /usr/lib/i386-linux-gnu/libX11.so.6.3.0
8c4fb000-8c4fe000 rw-p 00133000 08:01 9048817    /usr/lib/i386-linux-gnu/libX11.so.6.3.0
8c4fe000-8c501000 ---p 00000000 00:00 0 
8c501000-8c6ff000 rw-p 00000000 00:00 0          [stack:25763]
8c6ff000-8c702000 ---p 00000000 00:00 0 
8c702000-8c900000 rw-p 00000000 00:00 0          [stack:25759]
8c900000-8c9d8000 rw-p 00000000 00:00 0 
8c9d8000-8ca00000 ---p 00000000 00:00 0 
8ca00000-8caf8000 rw-p 00000000 00:00 0 
8caf8000-8cb00000 ---p 00000000 00:00 0 
8cb00000-8cbd1000 rw-p 00000000 00:00 0 
8cbd1000-8cc00000 ---p 00000000 00:00 0 
8cc02000-8cc0a000 r-xp 00000000 08:01 3802076    /lib/i386-linux-gnu/libwrap.so.0.7.6
8cc0a000-8cc0b000 r--p 00007000 08:01 3802076    /lib/i386-linux-gnu/libwrap.so.0.7.6
8cc0b000-8cc0c000 rw-p 00008000 08:01 3802076    /lib/i386-linux-gnu/libwrap.so.0.7.6
8cc0c000-8cc54000 r-xp 00000000 08:01 3812578    /lib/i386-linux-gnu/libdbus-1.so.3.7.2
8cc54000-8cc55000 r--p 00047000 08:01 3812578    /lib/i386-linux-gnu/libdbus-1.so.3.7.2
8cc55000-8cc56000 rw-p 00048000 08:01 3812578    /lib/i386-linux-gnu/libdbus-1.so.3.7.2
8cc56000-8cc5e000 r-xp 00000000 08:01 3801966    /lib/i386-linux-gnu/libjson.so.0.1.0
8cc5e000-8cc5f000 r--p 00007000 08:01 3801966    /lib/i386-linux-gnu/libjson.so.0.1.0
8cc5f000-8cc60000 rw-p 00008000 08:01 3801966    /lib/i386-linux-gnu/libjson.so.0.1.0
8cc60000-8ccac000 r-xp 00000000 08:01 9050882    /usr/lib/i386-linux-gnu/libpulse.so.0.15.3
8ccac000-8ccad000 ---p 0004c000 08:01 9050882    /usr/lib/i386-linux-gnu/libpulse.so.0.15.3
8ccad000-8ccae000 r--p 0004c000 08:01 9050882    /usr/lib/i386-linux-gnu/libpulse.so.0.15.3
8ccae000-8ccaf000 rw-p 0004d000 08:01 9050882    /usr/lib/i386-linux-gnu/libpulse.so.0.15.3
8ccaf000-8ccfd000 r-xp 00000000 08:01 3146044    /tmp/libgdxkabbotta/417985b7/libopenal.so
8ccfd000-8ccff000 r--p 0004d000 08:01 3146044    /tmp/libgdxkabbotta/417985b7/libopenal.so
8ccff000-8cd00000 rw-p 0004f000 08:01 3146044    /tmp/libgdxkabbotta/417985b7/libopenal.so
8cd00000-8cdca000 rw-p 00000000 00:00 0 
8cdca000-8ce00000 ---p 00000000 00:00 0 
8ce01000-8ce05000 r-xp 00000000 08:01 9048865    /usr/lib/i386-linux-gnu/libXxf86vm.so.1.0.0
8ce05000-8ce06000 r--p 00003000 08:01 9048865    /usr/lib/i386-linux-gnu/libXxf86vm.so.1.0.0
8ce06000-8ce07000 rw-p 00004000 08:01 9048865    /usr/lib/i386-linux-gnu/libXxf86vm.so.1.0.0
8ce07000-8ce10000 r-xp 00000000 08:01 9049502    /usr/lib/i386-linux-gnu/libXrandr.so.2.2.0
8ce10000-8ce11000 r--p 00008000 08:01 9049502    /usr/lib/i386-linux-gnu/libXrandr.so.2.2.0
8ce11000-8ce12000 rw-p 00009000 08:01 9049502    /usr/lib/i386-linux-gnu/libXrandr.so.2.2.0
8ce12000-8ce6d000 r-xp 00000000 08:01 3146042    /tmp/libgdxkabbotta/417985b7/liblwjgl.so
8ce6d000-8ce6e000 ---p 0005b000 08:01 3146042    /tmp/libgdxkabbotta/417985b7/liblwjgl.so
8ce6e000-8ce6f000 r--p 0005b000 08:01 3146042    /tmp/libgdxkabbotta/417985b7/liblwjgl.so
8ce6f000-8ce70000 rw-p 0005c000 08:01 3146042    /tmp/libgdxkabbotta/417985b7/liblwjgl.so
8ce70000-8ce75000 r-xp 00000000 08:01 9048863    /usr/lib/i386-linux-gnu/libXfixes.so.3.1.0
8ce75000-8ce76000 r--p 00004000 08:01 9048863    /usr/lib/i386-linux-gnu/libXfixes.so.3.1.0
8ce76000-8ce77000 rw-p 00005000 08:01 9048863    /usr/lib/i386-linux-gnu/libXfixes.so.3.1.0
8ce77000-8ce80000 r-xp 00000000 08:01 9049498    /usr/lib/i386-linux-gnu/libXcursor.so.1.0.2
8ce80000-8ce81000 r--p 00008000 08:01 9049498    /usr/lib/i386-linux-gnu/libXcursor.so.1.0.2
8ce81000-8ce82000 rw-p 00009000 08:01 9049498    /usr/lib/i386-linux-gnu/libXcursor.so.1.0.2
8ce82000-8cea2000 r-xp 00000000 08:01 9048815    /usr/lib/i386-linux-gnu/libxcb.so.1.1.0
8cea2000-8cea3000 r--p 0001f000 08:01 9048815    /usr/lib/i386-linux-gnu/libxcb.so.1.1.0
8cea3000-8cea4000 rw-p 00020000 08:01 9048815    /usr/lib/i386-linux-gnu/libxcb.so.1.1.0
8cea4000-8ceb2000 r-xp 00000000 08:01 9048833    /usr/lib/i386-linux-gnu/libXi.so.6.1.0
8ceb2000-8ceb3000 r--p 0000d000 08:01 9048833    /usr/lib/i386-linux-gnu/libXi.so.6.1.0
8ceb3000-8ceb4000 rw-p 0000e000 08:01 9048833    /usr/lib/i386-linux-gnu/libXi.so.6.1.0
8ceb4000-8cefd000 r-xp 00000000 08:01 9052892    /usr/lib/jvm/java-7-oracle/jre/lib/i386/xawt/libmawt.so
8cefd000-8ceff000 rw-p 00049000 08:01 9052892    /usr/lib/jvm/java-7-oracle/jre/lib/i386/xawt/libmawt.so
8ceff000-8cf00000 rw-p 00000000 00:00 0 
8cf00000-8d000000 rw-p 00000000 00:00 0 
8d001000-8d006000 r-xp 00000000 08:01 9050086    /usr/lib/i386-linux-gnu/libXdmcp.so.6.0.0
8d006000-8d007000 r--p 00004000 08:01 9050086    /usr/lib/i386-linux-gnu/libXdmcp.so.6.0.0
8d007000-8d008000 rw-p 00005000 08:01 9050086    /usr/lib/i386-linux-gnu/libXdmcp.so.6.0.0
8d008000-8d00d000 r-xp 00000000 08:01 9049506    /usr/lib/i386-linux-gnu/libXtst.so.6.1.0
8d00d000-8d00e000 r--p 00004000 08:01 9049506    /usr/lib/i386-linux-gnu/libXtst.so.6.1.0
8d00e000-8d00f000 rw-p 00005000 08:01 9049506    /usr/lib/i386-linux-gnu/libXtst.so.6.1.0
8d032000-8d0b8000 r-xp 00000000 08:01 9052820    /usr/lib/jvm/java-7-oracle/jre/lib/i386/libawt.so
8d0b8000-8d0bf000 rw-p 00086000 08:01 9052820    /usr/lib/jvm/java-7-oracle/jre/lib/i386/libawt.so
8d0bf000-8d0e3000 rw-p 00000000 00:00 0 
8d0e3000-8d0fe000 r-xp 00000000 08:01 3801951    /lib/i386-linux-gnu/libgcc_s.so.1
8d0fe000-8d0ff000 r--p 0001a000 08:01 3801951    /lib/i386-linux-gnu/libgcc_s.so.1
8d0ff000-8d100000 rw-p 0001b000 08:01 3801951    /lib/i386-linux-gnu/libgcc_s.so.1
8d100000-8d1fe000 rw-p 00000000 00:00 0 
8d1fe000-8d200000 ---p 00000000 00:00 0 
8d201000-8d203000 r-xp 00000000 08:01 9050075    /usr/lib/i386-linux-gnu/libXau.so.6.0.0
8d203000-8d204000 r--p 00001000 08:01 9050075    /usr/lib/i386-linux-gnu/libXau.so.6.0.0
8d204000-8d205000 rw-p 00002000 08:01 9050075    /usr/lib/i386-linux-gnu/libXau.so.6.0.0
8d205000-8d215000 r-xp 00000000 08:01 9048819    /usr/lib/i386-linux-gnu/libXext.so.6.4.0
8d215000-8d216000 r--p 0000f000 08:01 9048819    /usr/lib/i386-linux-gnu/libXext.so.6.4.0
8d216000-8d217000 rw-p 00010000 08:01 9048819    /usr/lib/i386-linux-gnu/libXext.so.6.4.0
8d217000-8d2f3000 r-xp 00000000 08:01 9050981    /usr/lib/i386-linux-gnu/libstdc++.so.6.0.17
8d2f3000-8d2f4000 ---p 000dc000 08:01 9050981    /usr/lib/i386-linux-gnu/libstdc++.so.6.0.17
8d2f4000-8d2f8000 r--p 000dc000 08:01 9050981    /usr/lib/i386-linux-gnu/libstdc++.so.6.0.17
8d2f8000-8d2f9000 rw-p 000e0000 08:01 9050981    /usr/lib/i386-linux-gnu/libstdc++.so.6.0.17
8d2f9000-8d300000 rw-p 00000000 00:00 0 
8d300000-8d3fe000 rw-p 00000000 00:00 0 
8d3fe000-8d400000 ---p 00000000 00:00 0 
8d400000-8d4eb000 rw-p 00000000 00:00 0 
8d4eb000-8d500000 ---p 00000000 00:00 0 
8d500000-8d5ff000 rw-p 00000000 00:00 0 
8d5ff000-8d600000 ---p 00000000 00:00 0 
8d601000-8d627000 r-xp 00000000 08:01 3145995    /tmp/libgdxkabbotta/92f9dd6b/libgdx.so
8d627000-8d628000 r--p 00025000 08:01 3145995    /tmp/libgdxkabbotta/92f9dd6b/libgdx.so
8d628000-8d629000 rw-p 00026000 08:01 3145995    /tmp/libgdxkabbotta/92f9dd6b/libgdx.so
8d629000-8d672000 r-xp 00000000 08:01 3145990    /tmp/libgdxkabbotta/ca7baa6/libgdx-box2d.so
8d672000-8d673000 r--p 00049000 08:01 3145990    /tmp/libgdxkabbotta/ca7baa6/libgdx-box2d.so
8d673000-8d674000 rw-p 0004a000 08:01 3145990    /tmp/libgdxkabbotta/ca7baa6/libgdx-box2d.so
8d674000-8d68f000 r--s 001fe000 08:01 3672600    /home/kabbotta/workspace/libGDX/last_ditch/lib/gdx-tools.jar
8d68f000-8d779000 r--s 00bc1000 08:01 9186909    /opt/jruby-1.7.12/lib/jruby.jar
8d779000-8d77a000 ---p 00000000 00:00 0 
8d77a000-8d7fa000 rw-p 00000000 00:00 0          [stack:25742]
8d7fa000-8d7fd000 ---p 00000000 00:00 0 
8d7fd000-8d9fb000 rw-p 00000000 00:00 0          [stack:25741]
8d9fb000-8d9fe000 ---p 00000000 00:00 0 
8d9fe000-8da7c000 rw-p 00000000 00:00 0          [stack:25740]
8da7c000-8da7f000 ---p 00000000 00:00 0 
8da7f000-8dafd000 rw-p 00000000 00:00 0          [stack:25739]
8dafd000-8db00000 ---p 00000000 00:00 0 
8db00000-8dcfe000 rw-p 00000000 00:00 0          [stack:25738]
8dcfe000-8defe000 r--p 00000000 08:01 9051224    /usr/lib/locale/locale-archive
8defe000-8df01000 ---p 00000000 00:00 0 
8df01000-8e0ff000 rw-p 00000000 00:00 0          [stack:25737]
8e0ff000-8e102000 ---p 00000000 00:00 0 
8e102000-8e300000 rw-p 00000000 00:00 0          [stack:25736]
8e300000-8e400000 rw-p 00000000 00:00 0 
8e401000-8e416000 r--s 0014d000 08:01 3671831    /home/kabbotta/workspace/libGDX/last_ditch/lib/gdx.jar
8e416000-8e427000 r--s 0012a000 08:01 3671833    /home/kabbotta/workspace/libGDX/last_ditch/lib/gdx-backend-lwjgl.jar
8e427000-8e437000 r-xp 00000000 08:01 9837011    /opt/jruby-1.7.12/lib/jni/i386-Linux/libjffi-1.2.so
8e437000-8e438000 rw-p 0000f000 08:01 9837011    /opt/jruby-1.7.12/lib/jni/i386-Linux/libjffi-1.2.so
8e438000-8e446000 r-xp 00000000 08:01 9052849    /usr/lib/jvm/java-7-oracle/jre/lib/i386/libnio.so
8e446000-8e447000 rw-p 0000e000 08:01 9052849    /usr/lib/jvm/java-7-oracle/jre/lib/i386/libnio.so
8e447000-8e470000 rw-p 00000000 00:00 0 
8e470000-8e62c000 r--s 039b2000 08:01 9051559    /usr/lib/jvm/java-7-oracle/jre/lib/rt.jar
8e62c000-8fa00000 rw-p 00000000 00:00 0 
8fa00000-8fb00000 rw-p 00000000 00:00 0 
8fb00000-8fb01000 r-xp 00000000 08:01 9052831    /usr/lib/jvm/java-7-oracle/jre/lib/i386/libjawt.so
8fb01000-8fb02000 rw-p 00000000 08:01 9052831    /usr/lib/jvm/java-7-oracle/jre/lib/i386/libjawt.so
8fb02000-8fb0a000 r-xp 00000000 08:01 9049457    /usr/lib/i386-linux-gnu/libXrender.so.1.3.0
8fb0a000-8fb0b000 r--p 00008000 08:01 9049457    /usr/lib/i386-linux-gnu/libXrender.so.1.3.0
8fb0b000-8fb0c000 rw-p 00009000 08:01 9049457    /usr/lib/i386-linux-gnu/libXrender.so.1.3.0
8fb0c000-8fb0d000 r--s 00006000 08:01 3677443    /home/kabbotta/workspace/libGDX/last_ditch/lib/box2dlights-1.3-SNAPSHOT.jar
8fb0d000-8fb0e000 r--s 000dd000 08:01 3672599    /home/kabbotta/workspace/libGDX/last_ditch/lib/gdx-box2d-natives.jar
8fb0e000-8fb23000 r-xp 00000000 08:01 9052814    /usr/lib/jvm/java-7-oracle/jre/lib/i386/libnet.so
8fb23000-8fb24000 rw-p 00014000 08:01 9052814    /usr/lib/jvm/java-7-oracle/jre/lib/i386/libnet.so
8fb24000-8fb25000 ---p 00000000 00:00 0 
8fb25000-8fc00000 rw-p 00000000 00:00 0          [stack:25735]
8fc00000-8fc21000 rw-p 00000000 00:00 0 
8fc21000-8fd00000 ---p 00000000 00:00 0 
8fd00000-8fd03000 r--s 0000e000 08:01 3671836    /home/kabbotta/workspace/libGDX/last_ditch/lib/gdx-box2d.jar
8fd03000-8fd5c000 rw-p 00000000 00:00 0 
8fd5c000-8fd5d000 ---p 00000000 00:00 0 
8fd5d000-8fddd000 rw-p 00000000 00:00 0          [stack:25734]
8fddd000-8fdde000 ---p 00000000 00:00 0 
8fdde000-8fe67000 rw-p 00000000 00:00 0          [stack:25733]
8fe67000-8fe7e000 rw-p 00000000 00:00 0 
8fe7e000-8fe88000 rw-p 00000000 00:00 0 
8fe88000-8ff25000 rw-p 00000000 00:00 0 
8ff25000-8ff2e000 rw-p 00000000 00:00 0 
8ff2e000-8ff45000 rw-p 00000000 00:00 0 
8ff45000-8ff4f000 rw-p 00000000 00:00 0 
8ff4f000-8ffeb000 rw-p 00000000 00:00 0 
8ffeb000-8fffc000 rw-p 00000000 00:00 0 
8fffc000-9003f000 rw-p 00000000 00:00 0 
9003f000-911c0000 rw-p 00000000 00:00 0 
911c0000-94040000 rw-p 00000000 00:00 0 
94040000-95400000 rw-p 00000000 00:00 0 
95400000-a8d80000 rw-p 00000000 00:00 0 
a8d80000-aae00000 rw-p 00000000 00:00 0 
aae00000-b3440000 rw-p 00000000 00:00 0 
b3440000-b3449000 rw-p 00000000 00:00 0 
b3449000-b3500000 rw-p 00000000 00:00 0 
b3500000-b3740000 rwxp 00000000 00:00 0 
b3740000-b65f3000 rw-p 00000000 00:00 0 
b65f3000-b6600000 ---p 00000000 00:00 0 
b6600000-b6601000 r--s 00085000 08:01 3671835    /home/kabbotta/workspace/libGDX/last_ditch/lib/gdx-natives.jar
b6601000-b6608000 r--s 00000000 08:01 9182121    /usr/lib/i386-linux-gnu/gconv/gconv-modules.cache
b6608000-b660c000 r--s 0008a000 08:01 9052921    /usr/lib/jvm/java-7-oracle/jre/lib/jsse.jar
b660c000-b6617000 r-xp 00000000 08:01 3805073    /lib/i386-linux-gnu/libnss_files-2.17.so
b6617000-b6618000 r--p 0000a000 08:01 3805073    /lib/i386-linux-gnu/libnss_files-2.17.so
b6618000-b6619000 rw-p 0000b000 08:01 3805073    /lib/i386-linux-gnu/libnss_files-2.17.so
b6619000-b662e000 r-xp 00000000 08:01 3805070    /lib/i386-linux-gnu/libnsl-2.17.so
b662e000-b662f000 r--p 00014000 08:01 3805070    /lib/i386-linux-gnu/libnsl-2.17.so
b662f000-b6630000 rw-p 00015000 08:01 3805070    /lib/i386-linux-gnu/libnsl-2.17.so
b6630000-b6632000 rw-p 00000000 00:00 0 
b6632000-b6633000 r--s 001a1000 08:01 3671834    /home/kabbotta/workspace/libGDX/last_ditch/lib/gdx-backend-lwjgl-natives.jar
b6633000-b6634000 r-xp 00000000 00:00 0 
b6634000-b6635000 r--p 005e0000 08:01 9051224    /usr/lib/locale/locale-archive
b6635000-b664c000 r-xp 00000000 08:01 9052847    /usr/lib/jvm/java-7-oracle/jre/lib/i386/libzip.so
b664c000-b664d000 rw-p 00017000 08:01 9052847    /usr/lib/jvm/java-7-oracle/jre/lib/i386/libzip.so
b664d000-b6655000 rw-s 00000000 08:01 3146473    /tmp/hsperfdata_kabbotta/25718
b6655000-b6678000 r-xp 00000000 08:01 9052800    /usr/lib/jvm/java-7-oracle/jre/lib/i386/libjava.so
b6678000-b6679000 rw-p 00022000 08:01 9052800    /usr/lib/jvm/java-7-oracle/jre/lib/i386/libjava.so
b6679000-b6680000 r-xp 00000000 08:01 3805237    /lib/i386-linux-gnu/librt-2.17.so
b6680000-b6681000 r--p 00006000 08:01 3805237    /lib/i386-linux-gnu/librt-2.17.so
b6681000-b6682000 rw-p 00007000 08:01 3805237    /lib/i386-linux-gnu/librt-2.17.so
b6682000-b6685000 ---p 00000000 00:00 0 
b6685000-b6883000 rw-p 00000000 00:00 0          [stack:25732]
b6883000-b68c4000 r-xp 00000000 08:01 3805234    /lib/i386-linux-gnu/libm-2.17.so
b68c4000-b68c5000 r--p 00040000 08:01 3805234    /lib/i386-linux-gnu/libm-2.17.so
b68c5000-b68c6000 rw-p 00041000 08:01 3805234    /lib/i386-linux-gnu/libm-2.17.so
b68c6000-b713d000 r-xp 00000000 08:01 9052877    /usr/lib/jvm/java-7-oracle/jre/lib/i386/server/libjvm.so
b713d000-b71a2000 rw-p 00876000 08:01 9052877    /usr/lib/jvm/java-7-oracle/jre/lib/i386/server/libjvm.so
b71a2000-b75c5000 rw-p 00000000 00:00 0 
b75c5000-b7773000 r-xp 00000000 08:01 3805235    /lib/i386-linux-gnu/libc-2.17.so
b7773000-b7775000 r--p 001ae000 08:01 3805235    /lib/i386-linux-gnu/libc-2.17.so
b7775000-b7776000 rw-p 001b0000 08:01 3805235    /lib/i386-linux-gnu/libc-2.17.so
b7776000-b7779000 rw-p 00000000 00:00 0 
b7779000-b777c000 r-xp 00000000 08:01 3805240    /lib/i386-linux-gnu/libdl-2.17.so
b777c000-b777d000 r--p 00002000 08:01 3805240    /lib/i386-linux-gnu/libdl-2.17.so
b777d000-b777e000 rw-p 00003000 08:01 3805240    /lib/i386-linux-gnu/libdl-2.17.so
b777e000-b777f000 rw-p 00000000 00:00 0 
b777f000-b7792000 r-xp 00000000 08:01 9053698    /usr/lib/jvm/java-7-oracle/lib/i386/jli/libjli.so
b7792000-b7793000 rw-p 00012000 08:01 9053698    /usr/lib/jvm/java-7-oracle/lib/i386/jli/libjli.so
b7793000-b77aa000 r-xp 00000000 08:01 3805233    /lib/i386-linux-gnu/libpthread-2.17.so
b77aa000-b77ab000 r--p 00016000 08:01 3805233    /lib/i386-linux-gnu/libpthread-2.17.so
b77ab000-b77ac000 rw-p 00017000 08:01 3805233    /lib/i386-linux-gnu/libpthread-2.17.so
b77ac000-b77ae000 rw-p 00000000 00:00 0 
b77ae000-b77b8000 r-xp 00000000 08:01 3805238    /lib/i386-linux-gnu/libnss_nis-2.17.so
b77b8000-b77b9000 r--p 00009000 08:01 3805238    /lib/i386-linux-gnu/libnss_nis-2.17.so
b77b9000-b77ba000 rw-p 0000a000 08:01 3805238    /lib/i386-linux-gnu/libnss_nis-2.17.so
b77ba000-b77c1000 r-xp 00000000 08:01 3805074    /lib/i386-linux-gnu/libnss_compat-2.17.so
b77c1000-b77c2000 r--p 00006000 08:01 3805074    /lib/i386-linux-gnu/libnss_compat-2.17.so
b77c2000-b77c3000 rw-p 00007000 08:01 3805074    /lib/i386-linux-gnu/libnss_compat-2.17.so
b77c3000-b77c4000 rw-p 00000000 00:00 0 
b77c4000-b77c5000 r--p 00000000 00:00 0 
b77c5000-b77d0000 r-xp 00000000 08:01 9052869    /usr/lib/jvm/java-7-oracle/jre/lib/i386/libverify.so
b77d0000-b77d1000 rw-p 0000b000 08:01 9052869    /usr/lib/jvm/java-7-oracle/jre/lib/i386/libverify.so
b77d1000-b77d3000 rw-p 00000000 00:00 0 
b77d3000-b77d4000 r-xp 00000000 00:00 0          [vdso]
b77d4000-b77f4000 r-xp 00000000 08:01 3805236    /lib/i386-linux-gnu/ld-2.17.so
b77f4000-b77f5000 r--p 0001f000 08:01 3805236    /lib/i386-linux-gnu/ld-2.17.so
b77f5000-b77f6000 rw-p 00020000 08:01 3805236    /lib/i386-linux-gnu/ld-2.17.so
bfc2f000-bfc50000 rw-p 00000000 00:00 0          [stack]

VM Arguments:
jvm_args: -Xmx500m -Xss2048k -Djffi.boot.library.path=/opt/jruby-1.7.12/lib/jni -Xbootclasspath/a:/opt/jruby-1.7.12/lib/jruby.jar -Djruby.home=/opt/jruby-1.7.12 -Djruby.lib=/opt/jruby-1.7.12/lib -Djruby.script=jruby -Djruby.shell=/bin/sh 
java_command: org.jruby.Main last_ditch.rb
Launcher Type: SUN_STANDARD

Environment Variables:
JAVA_HOME=/usr/lib/jvm/java-7-oracle
PATH=/home/kabbotta/bin:/usr/local/sbin:/usr/local/bin:/usr/sbin:/usr/bin:/sbin:/bin:/usr/games:/usr/local/games:/usr/lib/jvm/java-7-oracle/bin:/usr/lib/jvm/java-7-oracle/db/bin:/usr/lib/jvm/java-7-oracle/jre/bin:/home/kabbotta/.rvm/bin:/home/kabbotta/.rvm/bin
USERNAME=kabbotta
SHELL=/bin/bash
DISPLAY=:0

Signal Handlers:
SIGSEGV: [libjvm.so+0x7dd350], sa_mask[0]=0x7ffbfeff, sa_flags=0x10000004
SIGBUS: [libjvm.so+0x7dd350], sa_mask[0]=0x7ffbfeff, sa_flags=0x10000004
SIGFPE: [libjvm.so+0x678b60], sa_mask[0]=0x7ffbfeff, sa_flags=0x10000004
SIGPIPE: [libjvm.so+0x678b60], sa_mask[0]=0x7ffbfeff, sa_flags=0x10000004
SIGXFSZ: [libjvm.so+0x678b60], sa_mask[0]=0x7ffbfeff, sa_flags=0x10000004
SIGILL: [libjvm.so+0x678b60], sa_mask[0]=0x7ffbfeff, sa_flags=0x10000004
SIGUSR1: SIG_DFL, sa_mask[0]=0x00000000, sa_flags=0x00000000
SIGUSR2: [libjvm.so+0x67a050], sa_mask[0]=0x00000000, sa_flags=0x10000004
SIGHUP: [libjvm.so+0x67b1a0], sa_mask[0]=0x7ffbfeff, sa_flags=0x10000004
SIGINT: [libjvm.so+0x67b1a0], sa_mask[0]=0x7ffbfeff, sa_flags=0x10000004
SIGTERM: [libjvm.so+0x67b1a0], sa_mask[0]=0x7ffbfeff, sa_flags=0x10000004
SIGQUIT: [libjvm.so+0x67b1a0], sa_mask[0]=0x7ffbfeff, sa_flags=0x10000004


---------------  S Y S T E M  ---------------

OS:wheezy/sid

uname:Linux 3.8.0-19-generic #29-Ubuntu SMP Wed Apr 17 18:19:42 UTC 2013 i686
libc:glibc 2.17 NPTL 2.17 
rlimit: STACK 8192k, CORE 0k, NPROC 14869, NOFILE 4096, AS infinity
load average:1.15 0.73 0.81

/proc/meminfo:
MemTotal:        1934200 kB
MemFree:          496596 kB
Buffers:          105528 kB
Cached:           381596 kB
SwapCached:         2524 kB
Active:           577296 kB
Inactive:         704036 kB
Active(anon):     315928 kB
Inactive(anon):   524636 kB
Active(file):     261368 kB
Inactive(file):   179400 kB
Unevictable:           0 kB
Mlocked:               0 kB
HighTotal:       1051592 kB
HighFree:          54632 kB
LowTotal:         882608 kB
LowFree:          441964 kB
SwapTotal:       1963004 kB
SwapFree:        1919016 kB
Dirty:               136 kB
Writeback:             0 kB
AnonPages:        791808 kB
Mapped:           160832 kB
Shmem:             46324 kB
Slab:              63388 kB
SReclaimable:      48736 kB
SUnreclaim:        14652 kB
KernelStack:        2816 kB
PageTables:         8248 kB
NFS_Unstable:          0 kB
Bounce:                0 kB
WritebackTmp:          0 kB
CommitLimit:     2930104 kB
Committed_AS:    3045696 kB
VmallocTotal:     122880 kB
VmallocUsed:       53584 kB
VmallocChunk:      64500 kB
HardwareCorrupted:     0 kB
AnonHugePages:         0 kB
HugePages_Total:       0
HugePages_Free:        0
HugePages_Rsvd:        0
HugePages_Surp:        0
Hugepagesize:       2048 kB
DirectMap4k:      133112 kB
DirectMap2M:      780288 kB


CPU:total 2 (2 cores per cpu, 1 threads per core) family 15 model 75 stepping 2, cmov, cx8, fxsr, mmx, sse, sse2, sse3, mmxext, 3dnowpref, tsc

/proc/cpuinfo:
processor	: 0
vendor_id	: AuthenticAMD
cpu family	: 15
model		: 75
model name	: AMD Athlon(tm) 64 X2 Dual Core Processor 3800+
stepping	: 2
microcode	: 0x68
cpu MHz		: 2000.000
cache size	: 512 KB
physical id	: 0
siblings	: 2
core id		: 0
cpu cores	: 2
apicid		: 0
initial apicid	: 0
fdiv_bug	: no
hlt_bug		: no
f00f_bug	: no
coma_bug	: no
fpu		: yes
fpu_exception	: yes
cpuid level	: 1
wp		: yes
flags		: fpu vme de pse tsc msr pae mce cx8 apic sep mtrr pge mca cmov pat pse36 clflush mmx fxsr sse sse2 ht syscall nx mmxext fxsr_opt rdtscp lm 3dnowext 3dnow pni cx16 lahf_lm cmp_legacy svm extapic cr8_legacy
bogomips	: 4018.24
clflush size	: 64
cache_alignment	: 64
address sizes	: 40 bits physical, 48 bits virtual
power management: ts fid vid ttp tm stc

processor	: 1
vendor_id	: AuthenticAMD
cpu family	: 15
model		: 75
model name	: AMD Athlon(tm) 64 X2 Dual Core Processor 3800+
stepping	: 2
microcode	: 0x68
cpu MHz		: 2000.000
cache size	: 512 KB
physical id	: 0
siblings	: 2
core id		: 1
cpu cores	: 2
apicid		: 1
initial apicid	: 1
fdiv_bug	: no
hlt_bug		: no
f00f_bug	: no
coma_bug	: no
fpu		: yes
fpu_exception	: yes
cpuid level	: 1
wp		: yes
flags		: fpu vme de pse tsc msr pae mce cx8 apic sep mtrr pge mca cmov pat pse36 clflush mmx fxsr sse sse2 ht syscall nx mmxext fxsr_opt rdtscp lm 3dnowext 3dnow pni cx16 lahf_lm cmp_legacy svm extapic cr8_legacy
bogomips	: 4018.24
clflush size	: 64
cache_alignment	: 64
address sizes	: 40 bits physical, 48 bits virtual
power management: ts fid vid ttp tm stc



Memory: 4k page, physical 1934200k(496596k free), swap 1963004k(1919016k free)

vm_info: Java HotSpot(TM) Server VM (24.45-b08) for linux-x86 JRE (1.7.0_45-b18), built on Oct  8 2013 05:44:51 by "java_re" with gcc 4.3.0 20080428 (Red Hat 4.3.0-8)

time: Wed May 21 01:12:46 2014
elapsed time: 5 seconds

